#! /usr/bin/vvp
:ivl_version "10.2 (stable)" "(v10_2)";
:ivl_delay_selection "TYPICAL";
:vpi_time_precision + 0;
:vpi_module "system";
:vpi_module "vhdl_sys";
:vpi_module "v2005_math";
:vpi_module "va_math";
S_0x55f4f7c592c0 .scope module, "cache_tb" "cache_tb" 2 1;
 .timescale 0 0;
v0x55f4f7c833c0_0 .var "address", 31 0;
v0x55f4f7c834a0_0 .var "clk", 0 0;
v0x55f4f7c83570_0 .var/i "file", 31 0;
v0x55f4f7c83640_0 .net "hitCount", 31 0, v0x55f4f7c82dd0_0;  1 drivers
v0x55f4f7c83710_0 .net "missCount", 31 0, v0x55f4f7c830c0_0;  1 drivers
v0x55f4f7c837b0_0 .var/i "tmp", 31 0;
S_0x55f4f7c59440 .scope module, "uut" "DMCache" 2 9, 3 1 0, S_0x55f4f7c592c0;
 .timescale 0 0;
    .port_info 0 /INPUT 32 "address"
    .port_info 1 /OUTPUT 32 "missCount"
    .port_info 2 /OUTPUT 32 "hitCount"
    .port_info 3 /INPUT 1 "clk"
v0x55f4f7c1f070_0 .net "address", 31 0, v0x55f4f7c833c0_0;  1 drivers
v0x55f4f7c82b90_0 .var "addressCopy", 31 0;
v0x55f4f7c82c70 .array "cache", 4095 0, 31 0;
v0x55f4f7c82d10_0 .net "clk", 0 0, v0x55f4f7c834a0_0;  1 drivers
v0x55f4f7c82dd0_0 .var "hitCount", 31 0;
v0x55f4f7c82f00_0 .var "i", 4 0;
v0x55f4f7c82fe0_0 .var "index", 7 0;
v0x55f4f7c830c0_0 .var "missCount", 31 0;
v0x55f4f7c831a0_0 .var "tag", 19 0;
v0x55f4f7c83280 .array "tagArray", 0 255, 19 0;
E_0x55f4f7c55f10 .event edge, v0x55f4f7c1f070_0;
    .scope S_0x55f4f7c59440;
T_0 ;
    %pushi/vec4 0, 0, 32;
    %store/vec4 v0x55f4f7c830c0_0, 0, 32;
    %pushi/vec4 0, 0, 32;
    %store/vec4 v0x55f4f7c82dd0_0, 0, 32;
    %end;
    .thread T_0;
    .scope S_0x55f4f7c59440;
T_1 ;
    %wait E_0x55f4f7c55f10;
    %load/vec4 v0x55f4f7c1f070_0;
    %parti/s 8, 4, 4;
    %store/vec4 v0x55f4f7c82fe0_0, 0, 8;
    %load/vec4 v0x55f4f7c1f070_0;
    %parti/s 20, 12, 5;
    %store/vec4 v0x55f4f7c831a0_0, 0, 20;
    %load/vec4 v0x55f4f7c82fe0_0;
    %pad/u 10;
    %ix/vec4 4;
    %load/vec4a v0x55f4f7c83280, 4;
    %load/vec4 v0x55f4f7c831a0_0;
    %cmp/e;
    %jmp/0xz  T_1.0, 4;
    %load/vec4 v0x55f4f7c82dd0_0;
    %addi 1, 0, 32;
    %store/vec4 v0x55f4f7c82dd0_0, 0, 32;
    %vpi_call 3 20 "$display", "Cache hit %d", v0x55f4f7c82dd0_0 {0 0 0};
    %jmp T_1.1;
T_1.0 ;
    %load/vec4 v0x55f4f7c830c0_0;
    %addi 1, 0, 32;
    %store/vec4 v0x55f4f7c830c0_0, 0, 32;
    %vpi_call 3 24 "$display", "Cache Miss %d", v0x55f4f7c830c0_0 {0 0 0};
    %load/vec4 v0x55f4f7c1f070_0;
    %store/vec4 v0x55f4f7c82b90_0, 0, 32;
    %pushi/vec4 0, 0, 4;
    %ix/load 4, 0, 0;
    %flag_set/imm 4, 0;
    %store/vec4 v0x55f4f7c82b90_0, 4, 4;
    %load/vec4 v0x55f4f7c831a0_0;
    %load/vec4 v0x55f4f7c82fe0_0;
    %pad/u 10;
    %ix/vec4 4;
    %store/vec4a v0x55f4f7c83280, 4, 0;
    %pushi/vec4 0, 0, 5;
    %store/vec4 v0x55f4f7c82f00_0, 0, 5;
T_1.2 ;
    %load/vec4 v0x55f4f7c82f00_0;
    %pad/u 32;
    %cmpi/u 16, 0, 32;
    %jmp/0xz T_1.3, 5;
    %load/vec4 v0x55f4f7c82b90_0;
    %load/vec4 v0x55f4f7c82f00_0;
    %pad/u 32;
    %add;
    %load/vec4 v0x55f4f7c82fe0_0;
    %pad/u 15;
    %pad/u 19;
    %muli 16, 0, 19;
    %pad/u 20;
    %load/vec4 v0x55f4f7c82f00_0;
    %pad/u 6;
    %pad/u 20;
    %add;
    %ix/vec4 4;
    %store/vec4a v0x55f4f7c82c70, 4, 0;
    %load/vec4 v0x55f4f7c82f00_0;
    %addi 1, 0, 5;
    %store/vec4 v0x55f4f7c82f00_0, 0, 5;
    %jmp T_1.2;
T_1.3 ;
T_1.1 ;
    %jmp T_1;
    .thread T_1, $push;
    .scope S_0x55f4f7c592c0;
T_2 ;
    %pushi/vec4 0, 0, 1;
    %store/vec4 v0x55f4f7c834a0_0, 0, 1;
    %delay 5, 0;
    %pushi/vec4 1, 0, 1;
    %store/vec4 v0x55f4f7c834a0_0, 0, 1;
    %delay 5, 0;
    %vpi_func 2 20 "$fopen" 32, "input_files/swim_modified.trace", "r" {0 0 0};
    %store/vec4 v0x55f4f7c83570_0, 0, 32;
T_2.0 ;
    %vpi_func 2 21 "$feof" 32, v0x55f4f7c83570_0 {0 0 0};
    %nor/r;
    %flag_set/vec4 8;
    %jmp/0xz T_2.1, 8;
    %vpi_func 2 22 "$fscanf" 32, v0x55f4f7c83570_0, "%h\012", v0x55f4f7c833c0_0 {0 0 0};
    %store/vec4 v0x55f4f7c837b0_0, 0, 32;
    %delay 10, 0;
    %jmp T_2.0;
T_2.1 ;
    %vpi_call 2 25 "$fclose", v0x55f4f7c83570_0 {0 0 0};
    %delay 1000, 0;
    %vpi_call 2 26 "$finish" {0 0 0};
    %end;
    .thread T_2;
    .scope S_0x55f4f7c592c0;
T_3 ;
    %load/vec4 v0x55f4f7c834a0_0;
    %inv;
    %store/vec4 v0x55f4f7c834a0_0, 0, 1;
    %delay 5, 0;
    %jmp T_3;
    .thread T_3;
# The file index is used to find the file name in the following table.
:file_names 4;
    "N/A";
    "<interactive>";
    "Cache_tb1.v";
    "DMCache.v";
